[23-03-2023] [20:51:17] -> Requesting tracker availability Tracker #1 (test)
[23-03-2023] [20:51:17] -> Ping of tracker 1
[23-03-2023] [20:51:17] -> Requesting tracker availability Tracker #2 (test)
[23-03-2023] [20:51:17] -> Ping of tracker 2
[23-03-2023] [20:51:17] -> Requesting tracker availability freewind
[23-03-2023] [20:51:17] -> Ping of tracker 3
[23-03-2023] [20:51:17] -> Requesting tracker availability Tracker #1 (ovl)
[23-03-2023] [20:51:17] -> Ping of tracker 4
[23-03-2023] [20:51:17] -> Requesting tracker availability Tracker #2 (ovl)
[23-03-2023] [20:51:17] -> Ping of tracker 5
[23-03-2023] [20:51:17] -> Requesting tracker availability Tracker #3 (ovl)
[23-03-2023] [20:51:17] -> Ping of tracker 6
[23-03-2023] [20:51:22] -> Tracker Tracker #2 (test) did not respond
[23-03-2023] [20:51:22] -> Tracker Tracker #1 (test) did not respond
[23-03-2023] [20:51:22] -> Tracker freewind did not respond
[23-03-2023] [20:51:22] -> Tracker Tracker #1 (ovl) did not respond
[23-03-2023] [20:51:22] -> Tracker Tracker #2 (ovl) did not respond
[23-03-2023] [20:51:22] -> Tracker Tracker #3 (ovl) did not respond
[23-03-2023] [20:53:30] -> Requesting tracker availability Tracker #1 (test)
[23-03-2023] [20:53:30] -> Ping of tracker 1
[23-03-2023] [20:53:30] -> Requesting tracker availability Tracker #2 (test)
[23-03-2023] [20:53:30] -> Ping of tracker 2
[23-03-2023] [20:53:31] -> Requesting tracker availability freewind
[23-03-2023] [20:53:31] -> Ping of tracker 3
[23-03-2023] [20:53:31] -> Requesting tracker availability Tracker #1 (ovl)
[23-03-2023] [20:53:31] -> Ping of tracker 4
[23-03-2023] [20:53:31] -> Requesting tracker availability Tracker #2 (ovl)
[23-03-2023] [20:53:31] -> Ping of tracker 5
[23-03-2023] [20:53:31] -> Requesting tracker availability Tracker #3 (ovl)
[23-03-2023] [20:53:31] -> Ping of tracker 6
[23-03-2023] [20:53:36] -> Tracker Tracker #1 (test) did not respond
[23-03-2023] [20:53:36] -> Tracker Tracker #2 (test) did not respond
[23-03-2023] [20:53:36] -> Tracker freewind did not respond
[23-03-2023] [20:53:36] -> Tracker Tracker #1 (ovl) did not respond
[23-03-2023] [20:53:36] -> Tracker Tracker #2 (ovl) did not respond
[23-03-2023] [20:53:36] -> Tracker Tracker #3 (ovl) did not respond
[23-03-2023] [20:56:16] -> Requesting tracker availability Tracker #1 (test)
[23-03-2023] [20:56:16] -> Ping of tracker 1
[23-03-2023] [20:56:16] -> Requesting tracker availability Tracker #2 (test)
[23-03-2023] [20:56:16] -> Ping of tracker 2
[23-03-2023] [20:56:16] -> Requesting tracker availability freewind
[23-03-2023] [20:56:16] -> Ping of tracker 3
[23-03-2023] [20:56:16] -> Requesting tracker availability Tracker #1 (ovl)
[23-03-2023] [20:56:16] -> Ping of tracker 4
[23-03-2023] [20:56:16] -> Requesting tracker availability Tracker #2 (ovl)
[23-03-2023] [20:56:16] -> Ping of tracker 5
[23-03-2023] [20:56:16] -> Requesting tracker availability Tracker #3 (ovl)
[23-03-2023] [20:56:16] -> Ping of tracker 6
[23-03-2023] [20:56:21] -> Tracker Tracker #1 (test) did not respond
[23-03-2023] [20:56:21] -> Tracker Tracker #2 (test) did not respond
[23-03-2023] [20:56:21] -> Tracker freewind did not respond
[23-03-2023] [20:56:21] -> Tracker Tracker #1 (ovl) did not respond
[23-03-2023] [20:56:21] -> Tracker Tracker #2 (ovl) did not respond
[23-03-2023] [20:56:21] -> Tracker Tracker #3 (ovl) did not respond
[23-03-2023] [20:58:30] -> Requesting tracker availability Tracker #1 (test)
[23-03-2023] [20:58:30] -> Ping of tracker 1
[23-03-2023] [20:58:30] -> Requesting tracker availability Tracker #2 (test)
[23-03-2023] [20:58:30] -> Ping of tracker 2
[23-03-2023] [20:58:30] -> Requesting tracker availability freewind
[23-03-2023] [20:58:30] -> Ping of tracker 3
[23-03-2023] [20:58:30] -> Requesting tracker availability Tracker #1 (ovl)
[23-03-2023] [20:58:30] -> Ping of tracker 4
[23-03-2023] [20:58:30] -> Requesting tracker availability Tracker #2 (ovl)
[23-03-2023] [20:58:30] -> Ping of tracker 5
[23-03-2023] [20:58:30] -> Requesting tracker availability Tracker #3 (ovl)
[23-03-2023] [20:58:30] -> Ping of tracker 6
[23-03-2023] [20:58:35] -> Tracker Tracker #1 (test) did not respond
[23-03-2023] [20:58:35] -> Tracker Tracker #2 (test) did not respond
[23-03-2023] [20:58:35] -> Tracker freewind did not respond
[23-03-2023] [20:58:35] -> Tracker Tracker #1 (ovl) did not respond
[23-03-2023] [20:58:35] -> Tracker Tracker #2 (ovl) did not respond
[23-03-2023] [20:58:35] -> Tracker Tracker #3 (ovl) did not respond
[23-03-2023] [21:01:15] -> Requesting tracker availability Tracker #1 (test)
[23-03-2023] [21:01:15] -> Ping of tracker 1
[23-03-2023] [21:01:15] -> Requesting tracker availability Tracker #2 (test)
[23-03-2023] [21:01:15] -> Ping of tracker 2
[23-03-2023] [21:01:15] -> Requesting tracker availability freewind
[23-03-2023] [21:01:15] -> Ping of tracker 3
[23-03-2023] [21:01:15] -> Requesting tracker availability Tracker #1 (ovl)
[23-03-2023] [21:01:15] -> Ping of tracker 4
[23-03-2023] [21:01:15] -> Requesting tracker availability Tracker #2 (ovl)
[23-03-2023] [21:01:15] -> Ping of tracker 5
[23-03-2023] [21:01:15] -> Requesting tracker availability Tracker #3 (ovl)
[23-03-2023] [21:01:15] -> Ping of tracker 6
[23-03-2023] [21:01:20] -> Tracker Tracker #1 (test) did not respond
[23-03-2023] [21:01:20] -> Tracker Tracker #2 (test) did not respond
[23-03-2023] [21:01:20] -> Tracker Tracker #2 (ovl) did not respond
[23-03-2023] [21:01:20] -> Tracker Tracker #3 (ovl) did not respond
[23-03-2023] [21:01:20] -> Tracker freewind did not respond
[23-03-2023] [21:01:20] -> Tracker Tracker #1 (ovl) did not respond
[23-03-2023] [21:03:29] -> Requesting tracker availability Tracker #1 (test)
[23-03-2023] [21:03:29] -> Ping of tracker 1
[23-03-2023] [21:03:29] -> Requesting tracker availability Tracker #2 (test)
[23-03-2023] [21:03:29] -> Ping of tracker 2
[23-03-2023] [21:03:29] -> Requesting tracker availability freewind
[23-03-2023] [21:03:29] -> Ping of tracker 3
[23-03-2023] [21:03:29] -> Requesting tracker availability Tracker #1 (ovl)
[23-03-2023] [21:03:29] -> Ping of tracker 4
[23-03-2023] [21:03:29] -> Requesting tracker availability Tracker #2 (ovl)
[23-03-2023] [21:03:29] -> Ping of tracker 5
[23-03-2023] [21:03:29] -> Requesting tracker availability Tracker #3 (ovl)
[23-03-2023] [21:03:29] -> Ping of tracker 6
[23-03-2023] [21:03:34] -> Tracker Tracker #1 (test) did not respond
[23-03-2023] [21:03:34] -> Tracker Tracker #2 (test) did not respond
[23-03-2023] [21:03:34] -> Tracker freewind did not respond
[23-03-2023] [21:03:34] -> Tracker Tracker #1 (ovl) did not respond
[23-03-2023] [21:03:34] -> Tracker Tracker #2 (ovl) did not respond
[23-03-2023] [21:03:34] -> Tracker Tracker #3 (ovl) did not respond
[23-03-2023] [21:06:14] -> Requesting tracker availability Tracker #1 (test)
[23-03-2023] [21:06:14] -> Ping of tracker 1
[23-03-2023] [21:06:14] -> Requesting tracker availability Tracker #2 (test)
[23-03-2023] [21:06:14] -> Ping of tracker 2
[23-03-2023] [21:06:14] -> Requesting tracker availability freewind
[23-03-2023] [21:06:14] -> Ping of tracker 3
[23-03-2023] [21:06:14] -> Requesting tracker availability Tracker #1 (ovl)
[23-03-2023] [21:06:14] -> Ping of tracker 4
[23-03-2023] [21:06:14] -> Requesting tracker availability Tracker #2 (ovl)
[23-03-2023] [21:06:14] -> Ping of tracker 5
[23-03-2023] [21:06:14] -> Requesting tracker availability Tracker #3 (ovl)
[23-03-2023] [21:06:14] -> Ping of tracker 6
[23-03-2023] [21:06:19] -> Tracker Tracker #1 (test) did not respond
[23-03-2023] [21:06:19] -> Tracker freewind did not respond
[23-03-2023] [21:06:19] -> Tracker Tracker #2 (test) did not respond
[23-03-2023] [21:06:19] -> Tracker Tracker #1 (ovl) did not respond
[23-03-2023] [21:06:19] -> Tracker Tracker #2 (ovl) did not respond
[23-03-2023] [21:06:19] -> Tracker Tracker #3 (ovl) did not respond
[23-03-2023] [21:08:28] -> Requesting tracker availability Tracker #1 (test)
[23-03-2023] [21:08:28] -> Ping of tracker 1
[23-03-2023] [21:08:28] -> Requesting tracker availability Tracker #2 (test)
[23-03-2023] [21:08:28] -> Ping of tracker 2
[23-03-2023] [21:08:28] -> Requesting tracker availability freewind
[23-03-2023] [21:08:28] -> Ping of tracker 3
[23-03-2023] [21:08:28] -> Requesting tracker availability Tracker #1 (ovl)
[23-03-2023] [21:08:28] -> Ping of tracker 4
[23-03-2023] [21:08:28] -> Requesting tracker availability Tracker #2 (ovl)
[23-03-2023] [21:08:28] -> Ping of tracker 5
[23-03-2023] [21:08:28] -> Requesting tracker availability Tracker #3 (ovl)
[23-03-2023] [21:08:28] -> Ping of tracker 6
[23-03-2023] [21:08:33] -> Tracker Tracker #1 (test) did not respond
[23-03-2023] [21:08:33] -> Tracker Tracker #2 (test) did not respond
[23-03-2023] [21:08:33] -> Tracker freewind did not respond
[23-03-2023] [21:08:33] -> Tracker Tracker #1 (ovl) did not respond
[23-03-2023] [21:08:33] -> Tracker Tracker #2 (ovl) did not respond
[23-03-2023] [21:08:33] -> Tracker Tracker #3 (ovl) did not respond
[23-03-2023] [21:11:13] -> Requesting tracker availability Tracker #1 (test)
[23-03-2023] [21:11:13] -> Requesting tracker availability Tracker #2 (test)
[23-03-2023] [21:11:13] -> Ping of tracker 1
[23-03-2023] [21:11:13] -> Ping of tracker 2
[23-03-2023] [21:11:13] -> Requesting tracker availability freewind
[23-03-2023] [21:11:13] -> Ping of tracker 3
[23-03-2023] [21:11:13] -> Requesting tracker availability Tracker #1 (ovl)
[23-03-2023] [21:11:13] -> Ping of tracker 4
[23-03-2023] [21:11:13] -> Requesting tracker availability Tracker #2 (ovl)
[23-03-2023] [21:11:13] -> Ping of tracker 5
[23-03-2023] [21:11:13] -> Requesting tracker availability Tracker #3 (ovl)
[23-03-2023] [21:11:13] -> Ping of tracker 6
[23-03-2023] [21:11:18] -> Tracker Tracker #1 (test) did not respond
[23-03-2023] [21:11:18] -> Tracker Tracker #2 (test) did not respond
[23-03-2023] [21:11:18] -> Tracker freewind did not respond
[23-03-2023] [21:11:18] -> Tracker Tracker #1 (ovl) did not respond
[23-03-2023] [21:11:18] -> Tracker Tracker #2 (ovl) did not respond
[23-03-2023] [21:11:18] -> Tracker Tracker #3 (ovl) did not respond
[23-03-2023] [21:13:27] -> Requesting tracker availability Tracker #1 (test)
[23-03-2023] [21:13:27] -> Ping of tracker 1
[23-03-2023] [21:13:27] -> Requesting tracker availability Tracker #2 (test)
[23-03-2023] [21:13:27] -> Ping of tracker 2
[23-03-2023] [21:13:27] -> Requesting tracker availability freewind
[23-03-2023] [21:13:27] -> Ping of tracker 3
[23-03-2023] [21:13:27] -> Requesting tracker availability Tracker #1 (ovl)
[23-03-2023] [21:13:27] -> Ping of tracker 4
[23-03-2023] [21:13:27] -> Requesting tracker availability Tracker #2 (ovl)
[23-03-2023] [21:13:27] -> Ping of tracker 5
[23-03-2023] [21:13:27] -> Requesting tracker availability Tracker #3 (ovl)
[23-03-2023] [21:13:27] -> Ping of tracker 6
[23-03-2023] [21:13:32] -> Tracker Tracker #1 (test) did not respond
[23-03-2023] [21:13:32] -> Tracker Tracker #2 (test) did not respond
[23-03-2023] [21:13:32] -> Tracker freewind did not respond
[23-03-2023] [21:13:32] -> Tracker Tracker #1 (ovl) did not respond
[23-03-2023] [21:13:32] -> Tracker Tracker #2 (ovl) did not respond
[23-03-2023] [21:13:32] -> Tracker Tracker #3 (ovl) did not respond
[23-03-2023] [21:16:12] -> Requesting tracker availability Tracker #1 (test)
[23-03-2023] [21:16:12] -> Ping of tracker 1
[23-03-2023] [21:16:12] -> Requesting tracker availability Tracker #2 (test)
[23-03-2023] [21:16:12] -> Ping of tracker 2
[23-03-2023] [21:16:12] -> Requesting tracker availability freewind
[23-03-2023] [21:16:12] -> Ping of tracker 3
[23-03-2023] [21:16:12] -> Requesting tracker availability Tracker #1 (ovl)
[23-03-2023] [21:16:12] -> Ping of tracker 4
[23-03-2023] [21:16:12] -> Requesting tracker availability Tracker #2 (ovl)
[23-03-2023] [21:16:12] -> Ping of tracker 5
[23-03-2023] [21:16:12] -> Requesting tracker availability Tracker #3 (ovl)
[23-03-2023] [21:16:12] -> Ping of tracker 6
[23-03-2023] [21:16:17] -> Tracker Tracker #1 (test) did not respond
[23-03-2023] [21:16:17] -> Tracker Tracker #2 (test) did not respond
[23-03-2023] [21:16:17] -> Tracker freewind did not respond
[23-03-2023] [21:16:17] -> Tracker Tracker #1 (ovl) did not respond
[23-03-2023] [21:16:17] -> Tracker Tracker #2 (ovl) did not respond
[23-03-2023] [21:16:17] -> Tracker Tracker #3 (ovl) did not respond
[23-03-2023] [21:18:26] -> Requesting tracker availability Tracker #1 (test)
[23-03-2023] [21:18:26] -> Ping of tracker 1
[23-03-2023] [21:18:26] -> Requesting tracker availability Tracker #2 (test)
[23-03-2023] [21:18:26] -> Ping of tracker 2
[23-03-2023] [21:18:26] -> Requesting tracker availability freewind
[23-03-2023] [21:18:26] -> Ping of tracker 3
[23-03-2023] [21:18:26] -> Requesting tracker availability Tracker #1 (ovl)
[23-03-2023] [21:18:26] -> Ping of tracker 4
[23-03-2023] [21:18:26] -> Requesting tracker availability Tracker #2 (ovl)
[23-03-2023] [21:18:26] -> Ping of tracker 5
[23-03-2023] [21:18:26] -> Requesting tracker availability Tracker #3 (ovl)
[23-03-2023] [21:18:26] -> Ping of tracker 6
[23-03-2023] [21:18:31] -> Tracker Tracker #1 (test) did not respond
[23-03-2023] [21:18:31] -> Tracker Tracker #2 (test) did not respond
[23-03-2023] [21:18:31] -> Tracker freewind did not respond
[23-03-2023] [21:18:31] -> Tracker Tracker #1 (ovl) did not respond
[23-03-2023] [21:18:31] -> Tracker Tracker #2 (ovl) did not respond
[23-03-2023] [21:18:31] -> Tracker Tracker #3 (ovl) did not respond
[23-03-2023] [21:21:11] -> Requesting tracker availability Tracker #1 (test)
[23-03-2023] [21:21:11] -> Ping of tracker 1
[23-03-2023] [21:21:11] -> Requesting tracker availability Tracker #2 (test)
[23-03-2023] [21:21:11] -> Ping of tracker 2
[23-03-2023] [21:21:11] -> Requesting tracker availability freewind
[23-03-2023] [21:21:11] -> Ping of tracker 3
[23-03-2023] [21:21:11] -> Requesting tracker availability Tracker #1 (ovl)
[23-03-2023] [21:21:11] -> Ping of tracker 4
[23-03-2023] [21:21:11] -> Requesting tracker availability Tracker #2 (ovl)
[23-03-2023] [21:21:11] -> Ping of tracker 5
[23-03-2023] [21:21:11] -> Requesting tracker availability Tracker #3 (ovl)
[23-03-2023] [21:21:11] -> Ping of tracker 6
[23-03-2023] [21:21:16] -> Tracker Tracker #1 (test) did not respond
[23-03-2023] [21:21:16] -> Tracker Tracker #1 (ovl) did not respond
[23-03-2023] [21:21:16] -> Tracker Tracker #2 (test) did not respond
[23-03-2023] [21:21:16] -> Tracker freewind did not respond
[23-03-2023] [21:21:16] -> Tracker Tracker #2 (ovl) did not respond
[23-03-2023] [21:21:16] -> Tracker Tracker #3 (ovl) did not respond
[23-03-2023] [21:23:25] -> Requesting tracker availability Tracker #1 (test)
[23-03-2023] [21:23:25] -> Ping of tracker 1
[23-03-2023] [21:23:25] -> Requesting tracker availability Tracker #2 (test)
[23-03-2023] [21:23:25] -> Ping of tracker 2
[23-03-2023] [21:23:25] -> Requesting tracker availability freewind
[23-03-2023] [21:23:25] -> Ping of tracker 3
[23-03-2023] [21:23:25] -> Requesting tracker availability Tracker #1 (ovl)
[23-03-2023] [21:23:25] -> Ping of tracker 4
[23-03-2023] [21:23:25] -> Requesting tracker availability Tracker #2 (ovl)
[23-03-2023] [21:23:25] -> Ping of tracker 5
[23-03-2023] [21:23:25] -> Requesting tracker availability Tracker #3 (ovl)
[23-03-2023] [21:23:25] -> Ping of tracker 6
[23-03-2023] [21:23:30] -> Tracker Tracker #1 (test) did not respond
[23-03-2023] [21:23:30] -> Tracker Tracker #2 (test) did not respond
[23-03-2023] [21:23:30] -> Tracker freewind did not respond
[23-03-2023] [21:23:30] -> Tracker Tracker #1 (ovl) did not respond
[23-03-2023] [21:23:30] -> Tracker Tracker #2 (ovl) did not respond
[23-03-2023] [21:23:30] -> Tracker Tracker #3 (ovl) did not respond
[23-03-2023] [21:26:10] -> Requesting tracker availability Tracker #1 (test)
[23-03-2023] [21:26:10] -> Ping of tracker 1
[23-03-2023] [21:26:10] -> Requesting tracker availability Tracker #2 (test)
[23-03-2023] [21:26:10] -> Ping of tracker 2
[23-03-2023] [21:26:10] -> Requesting tracker availability freewind
[23-03-2023] [21:26:10] -> Ping of tracker 3
[23-03-2023] [21:26:10] -> Requesting tracker availability Tracker #1 (ovl)
[23-03-2023] [21:26:10] -> Ping of tracker 4
[23-03-2023] [21:26:10] -> Requesting tracker availability Tracker #2 (ovl)
[23-03-2023] [21:26:10] -> Ping of tracker 5
[23-03-2023] [21:26:10] -> Requesting tracker availability Tracker #3 (ovl)
[23-03-2023] [21:26:10] -> Ping of tracker 6
[23-03-2023] [21:26:15] -> Tracker Tracker #1 (test) did not respond
[23-03-2023] [21:26:15] -> Tracker Tracker #2 (test) did not respond
[23-03-2023] [21:26:15] -> Tracker freewind did not respond
[23-03-2023] [21:26:15] -> Tracker Tracker #1 (ovl) did not respond
[23-03-2023] [21:26:15] -> Tracker Tracker #2 (ovl) did not respond
[23-03-2023] [21:26:15] -> Tracker Tracker #3 (ovl) did not respond
[23-03-2023] [21:28:24] -> Requesting tracker availability Tracker #1 (test)
[23-03-2023] [21:28:24] -> Ping of tracker 1
[23-03-2023] [21:28:24] -> Requesting tracker availability Tracker #2 (test)
[23-03-2023] [21:28:24] -> Ping of tracker 2
[23-03-2023] [21:28:24] -> Requesting tracker availability freewind
[23-03-2023] [21:28:24] -> Ping of tracker 3
[23-03-2023] [21:28:24] -> Requesting tracker availability Tracker #1 (ovl)
[23-03-2023] [21:28:24] -> Ping of tracker 4
[23-03-2023] [21:28:24] -> Requesting tracker availability Tracker #2 (ovl)
[23-03-2023] [21:28:24] -> Ping of tracker 5
[23-03-2023] [21:28:24] -> Requesting tracker availability Tracker #3 (ovl)
[23-03-2023] [21:28:24] -> Ping of tracker 6
[23-03-2023] [21:28:29] -> Tracker Tracker #1 (test) did not respond
[23-03-2023] [21:28:29] -> Tracker Tracker #2 (test) did not respond
[23-03-2023] [21:28:29] -> Tracker freewind did not respond
[23-03-2023] [21:28:29] -> Tracker Tracker #1 (ovl) did not respond
[23-03-2023] [21:28:29] -> Tracker Tracker #2 (ovl) did not respond
[23-03-2023] [21:28:29] -> Tracker Tracker #3 (ovl) did not respond
[23-03-2023] [21:31:09] -> Requesting tracker availability Tracker #1 (test)
[23-03-2023] [21:31:09] -> Ping of tracker 1
[23-03-2023] [21:31:09] -> Requesting tracker availability Tracker #2 (test)
[23-03-2023] [21:31:09] -> Ping of tracker 2
[23-03-2023] [21:31:09] -> Requesting tracker availability freewind
[23-03-2023] [21:31:09] -> Ping of tracker 3
[23-03-2023] [21:31:09] -> Requesting tracker availability Tracker #1 (ovl)
[23-03-2023] [21:31:09] -> Ping of tracker 4
[23-03-2023] [21:31:09] -> Requesting tracker availability Tracker #2 (ovl)
[23-03-2023] [21:31:09] -> Ping of tracker 5
[23-03-2023] [21:31:09] -> Requesting tracker availability Tracker #3 (ovl)
[23-03-2023] [21:31:09] -> Ping of tracker 6
[23-03-2023] [21:31:14] -> Tracker Tracker #1 (test) did not respond
[23-03-2023] [21:31:14] -> Tracker Tracker #2 (test) did not respond
[23-03-2023] [21:31:14] -> Tracker freewind did not respond
[23-03-2023] [21:31:14] -> Tracker Tracker #1 (ovl) did not respond
[23-03-2023] [21:31:14] -> Tracker Tracker #2 (ovl) did not respond
[23-03-2023] [21:31:14] -> Tracker Tracker #3 (ovl) did not respond
